<?xml version="1.0" encoding="UTF-8"?>
<!-- Generated by org.testng.reporters.JUnitReportReporter -->
<testsuite hostname="DESKTOP-FIK5SPH" failures="0" tests="4" name="practiseTestNG.dependeniesOnMethods" time="0.098" errors="0" timestamp="2024-01-31T14:59:57 IST" skipped="0">
  <testcase classname="practiseTestNG.dependeniesOnMethods" name="newfeedTC4" time="0.005"/>
  <system-out/>
  <testcase classname="practiseTestNG.dependeniesOnMethods" name="userNameTC1" time="0.024"/>
  <system-out/>
  <testcase classname="practiseTestNG.dependeniesOnMethods" name="passwordTC2" time="0.048"/>
  <system-out/>
  <testcase classname="practiseTestNG.dependeniesOnMethods" name="homepageTC3" time="0.021"/>
  <system-out/>
</testsuite> <!-- practiseTestNG.dependeniesOnMethods -->
