<?xml version="1.0" encoding="UTF-8"?>
<!-- Generated by org.testng.reporters.JUnitReportReporter -->
<testsuite hostname="DESKTOP-FIK5SPH" failures="0" tests="4" name="practiseTestNG.dependenciesOnGroup" time="0.024" errors="0" timestamp="2024-02-05T14:36:32 IST" skipped="0">
  <testcase classname="practiseTestNG.dependenciesOnGroup" name="newfeedTC4" time="0.007"/>
  <system-out/>
  <testcase classname="practiseTestNG.dependenciesOnGroup" name="homepageTC3" time="0.003"/>
  <system-out/>
  <testcase classname="practiseTestNG.dependenciesOnGroup" name="userNameTC1" time="0.012"/>
  <system-out/>
  <testcase classname="practiseTestNG.dependenciesOnGroup" name="passwordTC2" time="0.002"/>
  <system-out/>
</testsuite> <!-- practiseTestNG.dependenciesOnGroup -->
