<?xml version="1.0" encoding="UTF-8"?>
<!-- Generated by org.testng.reporters.JUnitReportReporter -->
<testsuite hostname="DESKTOP-FIK5SPH" failures="0" tests="1" name="practiseTestNG.groups" time="0.017" errors="0" timestamp="2024-01-31T11:03:52 IST" skipped="0">
  <testcase classname="practiseTestNG.groups" name="TC03" time="0.017"/>
  <system-out/>
</testsuite> <!-- practiseTestNG.groups -->
