<?xml version="1.0" encoding="UTF-8"?>
<!-- Generated by org.testng.reporters.JUnitReportReporter -->
<testsuite hostname="DESKTOP-FIK5SPH" failures="0" tests="4" name="practiseTestNG.dependeniesOnMethods" time="0.054" errors="0" timestamp="2024-02-03T19:14:36 IST" skipped="0">
  <testcase classname="practiseTestNG.dependeniesOnMethods" name="newfeedTC4" time="0.005"/>
  <system-out/>
  <testcase classname="practiseTestNG.dependeniesOnMethods" name="userNameTC1" time="0.019"/>
  <system-out/>
  <testcase classname="practiseTestNG.dependeniesOnMethods" name="passwordTC2" time="0.009"/>
  <system-out/>
  <testcase classname="practiseTestNG.dependeniesOnMethods" name="homepageTC3" time="0.021"/>
  <system-out/>
</testsuite> <!-- practiseTestNG.dependeniesOnMethods -->
